0 info it worked if it ends with ok
1 verbose cli [ '/home/bathfitter/.meteor/packages/meteor-tool/.1.4.1_1.myf2d9++os.linux.x86_64+web.browser+web.cordova/mt-os.linux.x86_64/dev_bundle/bin/node',
1 verbose cli   '/home/bathfitter/.meteor/packages/meteor-tool/.1.4.1_1.myf2d9++os.linux.x86_64+web.browser+web.cordova/mt-os.linux.x86_64/dev_bundle/bin/npm',
1 verbose cli   'install',
1 verbose cli   'fibers/future' ]
2 info using npm@3.10.6
3 info using node@v4.5.0
4 silly loadCurrentTree Starting
5 silly install loadCurrentTree
6 silly install readLocalPackageData
7 silly fetchPackageMetaData fibers/future
8 silly fetchOtherPackageData fibers/future
9 silly cache add args [ 'fibers/future', null ]
10 verbose cache add spec fibers/future
11 silly cache add parsed spec Result {
11 silly cache add   raw: 'fibers/future',
11 silly cache add   scope: null,
11 silly cache add   escapedName: null,
11 silly cache add   name: null,
11 silly cache add   rawSpec: 'fibers/future',
11 silly cache add   spec: 'github:fibers/future',
11 silly cache add   type: 'hosted',
11 silly cache add   hosted:
11 silly cache add    { type: 'github',
11 silly cache add      ssh: 'git@github.com:fibers/future.git',
11 silly cache add      sshUrl: 'git+ssh://git@github.com/fibers/future.git',
11 silly cache add      httpsUrl: 'git+https://github.com/fibers/future.git',
11 silly cache add      gitUrl: 'git://github.com/fibers/future.git',
11 silly cache add      shortcut: 'github:fibers/future',
11 silly cache add      directUrl: 'https://raw.githubusercontent.com/fibers/future/master/package.json' } }
12 verbose addRemoteGit caching fibers/future
13 verbose addRemoteGit fibers/future is a repository hosted by github
14 silly tryGitProto attempting to clone git://github.com/fibers/future.git
15 silly tryClone cloning fibers/future via git://github.com/fibers/future.git
16 verbose tryClone git-github-com-fibers-future-git-f78084cf not in flight; caching
17 verbose correctMkdir /home/bathfitter/.npm/_git-remotes correctMkdir not in flight; initializing
18 verbose makeDirectory /home/bathfitter/.npm/_git-remotes creation not in flight; initializing
19 silly makeDirectory /home/bathfitter/.npm/_git-remotes uid: 1000 gid: 1000
20 info git [ 'clone',
20 info git   '--template=/home/bathfitter/.npm/_git-remotes/_templates',
20 info git   '--mirror',
20 info git   'git://github.com/fibers/future.git',
20 info git   '/home/bathfitter/.npm/_git-remotes/git-github-com-fibers-future-git-f78084cf' ]
21 verbose git clone --template=/home/bathfitter/.npm/_git-remotes/_templates --mirror git://github.com/fibers/future.git /home/bathfitter/.npm/_git-remotes/git-github-com-fibers-future-git-f78084cf: Cloning into bare repository '/home/bathfitter/.npm/_git-remotes/git-github-com-fibers-future-git-f78084cf'...
21 verbose git clone --template=/home/bathfitter/.npm/_git-remotes/_templates --mirror git://github.com/fibers/future.git /home/bathfitter/.npm/_git-remotes/git-github-com-fibers-future-git-f78084cf:
21 verbose git clone --template=/home/bathfitter/.npm/_git-remotes/_templates --mirror git://github.com/fibers/future.git /home/bathfitter/.npm/_git-remotes/git-github-com-fibers-future-git-f78084cf: fatal: remote error:
21 verbose git clone --template=/home/bathfitter/.npm/_git-remotes/_templates --mirror git://github.com/fibers/future.git /home/bathfitter/.npm/_git-remotes/git-github-com-fibers-future-git-f78084cf:   Repository not found.
22 silly tryHTTPS attempting to clone git+https://github.com/fibers/future.git
23 silly tryClone cloning fibers/future via git+https://github.com/fibers/future.git
24 verbose tryClone git-https-github-com-fibers-future-git-d0d155c5 not in flight; caching
25 verbose correctMkdir /home/bathfitter/.npm/_git-remotes correctMkdir not in flight; initializing
26 info git [ 'clone',
26 info git   '--template=/home/bathfitter/.npm/_git-remotes/_templates',
26 info git   '--mirror',
26 info git   'https://github.com/fibers/future.git',
26 info git   '/home/bathfitter/.npm/_git-remotes/git-https-github-com-fibers-future-git-d0d155c5' ]
27 verbose git clone --template=/home/bathfitter/.npm/_git-remotes/_templates --mirror https://github.com/fibers/future.git /home/bathfitter/.npm/_git-remotes/git-https-github-com-fibers-future-git-d0d155c5: Cloning into bare repository '/home/bathfitter/.npm/_git-remotes/git-https-github-com-fibers-future-git-d0d155c5'...
27 verbose git clone --template=/home/bathfitter/.npm/_git-remotes/_templates --mirror https://github.com/fibers/future.git /home/bathfitter/.npm/_git-remotes/git-https-github-com-fibers-future-git-d0d155c5:
27 verbose git clone --template=/home/bathfitter/.npm/_git-remotes/_templates --mirror https://github.com/fibers/future.git /home/bathfitter/.npm/_git-remotes/git-https-github-com-fibers-future-git-d0d155c5: remote: Invalid username or password.
27 verbose git clone --template=/home/bathfitter/.npm/_git-remotes/_templates --mirror https://github.com/fibers/future.git /home/bathfitter/.npm/_git-remotes/git-https-github-com-fibers-future-git-d0d155c5: fatal: Authentication failed for 'https://github.com/fibers/future.git/'
28 silly trySSH attempting to clone git@github.com:fibers/future.git
29 silly tryClone cloning fibers/future via git@github.com:fibers/future.git
30 verbose tryClone git-github-com-fibers-future-git-ec560179 not in flight; caching
31 verbose correctMkdir /home/bathfitter/.npm/_git-remotes correctMkdir not in flight; initializing
32 info git [ 'clone',
32 info git   '--template=/home/bathfitter/.npm/_git-remotes/_templates',
32 info git   '--mirror',
32 info git   'git@github.com:fibers/future.git',
32 info git   '/home/bathfitter/.npm/_git-remotes/git-github-com-fibers-future-git-ec560179' ]
33 error git clone --template=/home/bathfitter/.npm/_git-remotes/_templates --mirror git@github.com:fibers/future.git /home/bathfitter/.npm/_git-remotes/git-github-com-fibers-future-git-ec560179: Cloning into bare repository '/home/bathfitter/.npm/_git-remotes/git-github-com-fibers-future-git-ec560179'...
33 error git clone --template=/home/bathfitter/.npm/_git-remotes/_templates --mirror git@github.com:fibers/future.git /home/bathfitter/.npm/_git-remotes/git-github-com-fibers-future-git-ec560179:
33 error git clone --template=/home/bathfitter/.npm/_git-remotes/_templates --mirror git@github.com:fibers/future.git /home/bathfitter/.npm/_git-remotes/git-github-com-fibers-future-git-ec560179: Warning: Permanently added 'github.com,192.30.253.112' (RSA) to the list of known hosts.
33 error git clone --template=/home/bathfitter/.npm/_git-remotes/_templates --mirror git@github.com:fibers/future.git /home/bathfitter/.npm/_git-remotes/git-github-com-fibers-future-git-ec560179: Permission denied (publickey).
33 error git clone --template=/home/bathfitter/.npm/_git-remotes/_templates --mirror git@github.com:fibers/future.git /home/bathfitter/.npm/_git-remotes/git-github-com-fibers-future-git-ec560179: fatal: Could not read from remote repository.
33 error git clone --template=/home/bathfitter/.npm/_git-remotes/_templates --mirror git@github.com:fibers/future.git /home/bathfitter/.npm/_git-remotes/git-github-com-fibers-future-git-ec560179:
33 error git clone --template=/home/bathfitter/.npm/_git-remotes/_templates --mirror git@github.com:fibers/future.git /home/bathfitter/.npm/_git-remotes/git-github-com-fibers-future-git-ec560179: Please make sure you have the correct access rights
33 error git clone --template=/home/bathfitter/.npm/_git-remotes/_templates --mirror git@github.com:fibers/future.git /home/bathfitter/.npm/_git-remotes/git-github-com-fibers-future-git-ec560179: and the repository exists.
34 silly fetchPackageMetaData Error: Command failed: git clone --template=/home/bathfitter/.npm/_git-remotes/_templates --mirror git@github.com:fibers/future.git /home/bathfitter/.npm/_git-remotes/git-github-com-fibers-future-git-ec560179
34 silly fetchPackageMetaData Warning: Permanently added 'github.com,192.30.253.112' (RSA) to the list of known hosts.
34 silly fetchPackageMetaData Permission denied (publickey).
34 silly fetchPackageMetaData fatal: Could not read from remote repository.
34 silly fetchPackageMetaData
34 silly fetchPackageMetaData Please make sure you have the correct access rights
34 silly fetchPackageMetaData and the repository exists.
34 silly fetchPackageMetaData
34 silly fetchPackageMetaData     at ChildProcess.exithandler (child_process.js:213:12)
34 silly fetchPackageMetaData     at emitTwo (events.js:87:13)
34 silly fetchPackageMetaData     at ChildProcess.emit (events.js:172:7)
34 silly fetchPackageMetaData     at maybeClose (internal/child_process.js:829:16)
34 silly fetchPackageMetaData     at Process.ChildProcess._handle.onexit (internal/child_process.js:211:5)
34 silly fetchPackageMetaData  error for fibers/future { [Error: Command failed: git clone --template=/home/bathfitter/.npm/_git-remotes/_templates --mirror git@github.com:fibers/future.git /home/bathfitter/.npm/_git-remotes/git-github-com-fibers-future-git-ec560179
34 silly fetchPackageMetaData Warning: Permanently added 'github.com,192.30.253.112' (RSA) to the list of known hosts.
34 silly fetchPackageMetaData Permission denied (publickey).
34 silly fetchPackageMetaData fatal: Could not read from remote repository.
34 silly fetchPackageMetaData
34 silly fetchPackageMetaData Please make sure you have the correct access rights
34 silly fetchPackageMetaData and the repository exists.
34 silly fetchPackageMetaData ]
34 silly fetchPackageMetaData   killed: false,
34 silly fetchPackageMetaData   code: 128,
34 silly fetchPackageMetaData   signal: null,
34 silly fetchPackageMetaData   cmd: 'git clone --template=/home/bathfitter/.npm/_git-remotes/_templates --mirror git@github.com:fibers/future.git /home/bathfitter/.npm/_git-remotes/git-github-com-fibers-future-git-ec560179' }
35 silly rollbackFailedOptional Starting
36 silly rollbackFailedOptional Finishing
37 silly runTopLevelLifecycles Starting
38 silly runTopLevelLifecycles Finishing
39 silly install printInstalled
40 verbose stack Error: Command failed: git clone --template=/home/bathfitter/.npm/_git-remotes/_templates --mirror git@github.com:fibers/future.git /home/bathfitter/.npm/_git-remotes/git-github-com-fibers-future-git-ec560179
40 verbose stack Warning: Permanently added 'github.com,192.30.253.112' (RSA) to the list of known hosts.
40 verbose stack Permission denied (publickey).
40 verbose stack fatal: Could not read from remote repository.
40 verbose stack
40 verbose stack Please make sure you have the correct access rights
40 verbose stack and the repository exists.
40 verbose stack
40 verbose stack     at ChildProcess.exithandler (child_process.js:213:12)
40 verbose stack     at emitTwo (events.js:87:13)
40 verbose stack     at ChildProcess.emit (events.js:172:7)
40 verbose stack     at maybeClose (internal/child_process.js:829:16)
40 verbose stack     at Process.ChildProcess._handle.onexit (internal/child_process.js:211:5)
41 verbose cwd /home/bathfitter/meteor
42 error Linux 3.10.0-327.28.3.el7.x86_64
43 error argv "/home/bathfitter/.meteor/packages/meteor-tool/.1.4.1_1.myf2d9++os.linux.x86_64+web.browser+web.cordova/mt-os.linux.x86_64/dev_bundle/bin/node" "/home/bathfitter/.meteor/packages/meteor-tool/.1.4.1_1.myf2d9++os.linux.x86_64+web.browser+web.cordova/mt-os.linux.x86_64/dev_bundle/bin/npm" "install" "fibers/future"
44 error node v4.5.0
45 error npm  v3.10.6
46 error code 128
47 error Command failed: git clone --template=/home/bathfitter/.npm/_git-remotes/_templates --mirror git@github.com:fibers/future.git /home/bathfitter/.npm/_git-remotes/git-github-com-fibers-future-git-ec560179
47 error Warning: Permanently added 'github.com,192.30.253.112' (RSA) to the list of known hosts.
47 error Permission denied (publickey).
47 error fatal: Could not read from remote repository.
47 error
47 error Please make sure you have the correct access rights
47 error and the repository exists.
48 error If you need help, you may report this error at:
48 error     <https://github.com/npm/npm/issues>
49 verbose exit [ 1, true ]
